  [4;36;1mSQL (9.7ms)[0m   [0;1m SELECT name
 FROM sqlite_master
 WHERE type = 'table' AND NOT name = 'sqlite_sequence'
[0m
  [4;35;1mSQL (0.3ms)[0m   [0mselect sqlite_version(*)[0m
  [4;36;1mSQL (1.9ms)[0m   [0;1mCREATE TABLE "schema_migrations" ("version" varchar(255) NOT NULL) [0m
  [4;35;1mSQL (2.0ms)[0m   [0mCREATE UNIQUE INDEX "unique_schema_migrations" ON "schema_migrations" ("version")[0m
  [4;36;1mSQL (0.3ms)[0m   [0;1m SELECT name
 FROM sqlite_master
 WHERE type = 'table' AND NOT name = 'sqlite_sequence'
[0m
  [4;35;1mSQL (0.2ms)[0m   [0mSELECT version FROM schema_migrations[0m
Migrating to CreateBlogs (20100217011304)
  [4;36;1mSQL (1.0ms)[0m   [0;1mCREATE TABLE "blogs" ("id" INTEGER PRIMARY KEY AUTOINCREMENT NOT NULL, "title" varchar(255), "body" text, "created_at" datetime, "updated_at" datetime) [0m
  [4;35;1mSQL (0.2ms)[0m   [0mINSERT INTO schema_migrations (version) VALUES ('20100217011304')[0m
  [4;36;1mSQL (0.4ms)[0m   [0;1m SELECT name
 FROM sqlite_master
 WHERE type = 'table' AND NOT name = 'sqlite_sequence'
[0m
  [4;35;1mSQL (0.2ms)[0m   [0mSELECT version FROM schema_migrations[0m
  [4;36;1mSQL (0.3ms)[0m   [0;1m SELECT name
 FROM sqlite_master
 WHERE type = 'table' AND NOT name = 'sqlite_sequence'
[0m
  [4;35;1mSQL (0.1ms)[0m   [0mPRAGMA index_list("blogs")[0m


Processing BlogsController#index (for 127.0.0.1 at 2010-02-16 20:13:24) [GET]
  [4;36;1mBlog Load (0.9ms)[0m   [0;1mSELECT * FROM "blogs" [0m
Rendering template within layouts/application
Rendering blogs/index
Completed in 91ms (View: 84, DB: 1) | 200 OK [http://localhost/]
  [4;36;1mSQL (0.9ms)[0m   [0;1m SELECT name
 FROM sqlite_master
 WHERE type = 'table' AND NOT name = 'sqlite_sequence'
[0m
  [4;35;1mSQL (0.2ms)[0m   [0mSELECT version FROM schema_migrations[0m
Migrating to CreateBlogs (20100217011304)
Migrating to CreateUsers (20100217014055)
  [4;36;1mSQL (0.1ms)[0m   [0;1mselect sqlite_version(*)[0m
  [4;35;1mSQL (0.9ms)[0m   [0mCREATE TABLE "users" ("id" INTEGER PRIMARY KEY AUTOINCREMENT NOT NULL, "username" varchar(255), "email" varchar(255), "crypted_password" varchar(255), "password_salt" varchar(255), "persistence_token" varchar(255), "created_at" datetime, "updated_at" datetime) [0m
  [4;36;1mSQL (0.2ms)[0m   [0;1mINSERT INTO schema_migrations (version) VALUES ('20100217014055')[0m
  [4;35;1mSQL (0.4ms)[0m   [0m SELECT name
 FROM sqlite_master
 WHERE type = 'table' AND NOT name = 'sqlite_sequence'
[0m
  [4;36;1mSQL (0.2ms)[0m   [0;1mSELECT version FROM schema_migrations[0m
  [4;35;1mSQL (0.3ms)[0m   [0m SELECT name
 FROM sqlite_master
 WHERE type = 'table' AND NOT name = 'sqlite_sequence'
[0m
  [4;36;1mSQL (0.1ms)[0m   [0;1mPRAGMA index_list("blogs")[0m
  [4;35;1mSQL (0.1ms)[0m   [0mPRAGMA index_list("users")[0m


Processing BlogsController#index (for 127.0.0.1 at 2010-02-16 21:04:10) [GET]
  [4;36;1mBlog Load (0.9ms)[0m   [0;1mSELECT * FROM "blogs" [0m
Rendering template within layouts/application
Rendering blogs/index
Completed in 50ms (View: 38, DB: 1) | 200 OK [http://localhost/]


Processing BlogsController#index (for 127.0.0.1 at 2010-02-16 21:10:11) [GET]
  [4;35;1mBlog Load (0.5ms)[0m   [0mSELECT * FROM "blogs" [0m
Rendering template within layouts/application
Rendering blogs/index

ActionView::TemplateError (undefined local variable or method `current_user' for #<ActionView::Base:0x324f254>) on line #12 of app/views/layouts/application.html.erb:
9:   <body>
10:     <div id="container">
11: 		<div id="user_nav">
12: 		  <% if current_user %>
13: 		    <%= link_to "Edit Profile", edit_user_path(:current) %> |
14: 		    <%= link_to "Logout", logout_path %>
15: 		  <% else %>

    app/views/layouts/application.html.erb:12
    /usr/local/lib/ruby/1.8/webrick/httpserver.rb:104:in `service'
    /usr/local/lib/ruby/1.8/webrick/httpserver.rb:65:in `run'
    /usr/local/lib/ruby/1.8/webrick/server.rb:173:in `start_thread'
    /usr/local/lib/ruby/1.8/webrick/server.rb:162:in `start'
    /usr/local/lib/ruby/1.8/webrick/server.rb:162:in `start_thread'
    /usr/local/lib/ruby/1.8/webrick/server.rb:95:in `start'
    /usr/local/lib/ruby/1.8/webrick/server.rb:92:in `each'
    /usr/local/lib/ruby/1.8/webrick/server.rb:92:in `start'
    /usr/local/lib/ruby/1.8/webrick/server.rb:23:in `start'
    /usr/local/lib/ruby/1.8/webrick/server.rb:82:in `start'

Rendered rescues/_trace (161.2ms)
Rendered rescues/_request_and_response (1.9ms)
Rendering rescues/layout (internal_server_error)
  [4;36;1mSQL (1.0ms)[0m   [0;1m SELECT name
 FROM sqlite_master
 WHERE type = 'table' AND NOT name = 'sqlite_sequence'
[0m
  [4;35;1mSQL (0.2ms)[0m   [0mSELECT version FROM schema_migrations[0m
Migrating to CreateBlogs (20100217011304)
Migrating to CreateUsers (20100217014055)
  [4;36;1mSQL (0.3ms)[0m   [0;1mselect sqlite_version(*)[0m
  [4;35;1mSQL (0.3ms)[0m   [0m SELECT name
 FROM sqlite_master
 WHERE type = 'table' AND NOT name = 'sqlite_sequence'
[0m
  [4;36;1mSQL (0.2ms)[0m   [0;1mSELECT version FROM schema_migrations[0m
  [4;35;1mSQL (0.2ms)[0m   [0m SELECT name
 FROM sqlite_master
 WHERE type = 'table' AND NOT name = 'sqlite_sequence'
[0m
  [4;36;1mSQL (0.1ms)[0m   [0;1mPRAGMA index_list("blogs")[0m
  [4;35;1mSQL (0.1ms)[0m   [0mPRAGMA index_list("users")[0m


Processing BlogsController#index (for 127.0.0.1 at 2010-02-16 21:59:31) [GET]
  Parameters: {"action"=>"index", "controller"=>"blogs"}
  [4;36;1mBlog Load (0.5ms)[0m   [0;1mSELECT * FROM "blogs" [0m
Rendering template within layouts/application
Rendering blogs/index
Completed in 20ms (View: 14, DB: 0) | 200 OK [http://localhost/]


Processing UserSessionsController#new (for 127.0.0.1 at 2010-02-16 21:59:34) [GET]
  Parameters: {"action"=>"new", "controller"=>"user_sessions"}
Rendering template within layouts/application
Rendering user_sessions/new
Completed in 26ms (View: 12, DB: 0) | 200 OK [http://localhost/login]


Processing UsersController#new (for 127.0.0.1 at 2010-02-16 21:59:39) [GET]
  Parameters: {"action"=>"new", "controller"=>"users"}
Rendering template within layouts/application
Rendering users/new
Rendered users/_form (7.7ms)
Completed in 108ms (View: 97, DB: 0) | 200 OK [http://localhost/users/new]


Processing UsersController#create (for 127.0.0.1 at 2010-02-16 21:59:55) [POST]
  Parameters: {"user"=>{"password_confirmation"=>"[FILTERED]", "username"=>"darren.holland", "password"=>"[FILTERED]", "email"=>"test@email.com"}, "commit"=>"Submit", "action"=>"create", "authenticity_token"=>"YO6j1x1NHzcV+g2fgZkic7kgkrtMIyOCU0SmGM6nt8k=", "controller"=>"users"}
  [4;35;1mUser Load (0.8ms)[0m   [0mSELECT "users".id FROM "users" WHERE (LOWER("users"."email") = 'test@email.com') LIMIT 1[0m
  [4;36;1mUser Load (0.2ms)[0m   [0;1mSELECT "users".id FROM "users" WHERE (LOWER("users"."username") = 'darren.holland') LIMIT 1[0m
  [4;35;1mUser Load (0.1ms)[0m   [0mSELECT "users".id FROM "users" WHERE ("users"."persistence_token" = '7550b809bdeef455257a76043d63a68ec7c0c1ca455e645c4aad13f78eb3e7badcc135f2b84cb3142a524f0c8727401d5b3ab302eb786f6c3b595644d391c720') LIMIT 1[0m
  [4;36;1mUser Create (0.6ms)[0m   [0;1mINSERT INTO "users" ("updated_at", "crypted_password", "username", "password_salt", "persistence_token", "email", "created_at") VALUES('2010-02-17 02:59:55', 'ef5fd9ba6ec1d96ba5825bc22d2c468c12608be53079ff0dd09b75447c7c27b895e81e7629439cd1fd8e8ad41f5b6142a1e1859f27485275f1a7160e5575daa9', 'darren.holland', 'u14a4DHYk7fQLGkG7OdP', '7550b809bdeef455257a76043d63a68ec7c0c1ca455e645c4aad13f78eb3e7badcc135f2b84cb3142a524f0c8727401d5b3ab302eb786f6c3b595644d391c720', 'test@email.com', '2010-02-17 02:59:55')[0m
Redirected to http://localhost:3000/
Completed in 317ms (DB: 2) | 302 Found [http://localhost/users]


Processing BlogsController#index (for 127.0.0.1 at 2010-02-16 21:59:55) [GET]
  Parameters: {"action"=>"index", "controller"=>"blogs"}
  [4;35;1mBlog Load (0.5ms)[0m   [0mSELECT * FROM "blogs" [0m
Rendering template within layouts/application
Rendering blogs/index
  [4;36;1mUser Load (0.6ms)[0m   [0;1mSELECT * FROM "users" WHERE ("users"."persistence_token" = '7550b809bdeef455257a76043d63a68ec7c0c1ca455e645c4aad13f78eb3e7badcc135f2b84cb3142a524f0c8727401d5b3ab302eb786f6c3b595644d391c720') LIMIT 1[0m
Completed in 55ms (View: 49, DB: 1) | 200 OK [http://localhost/]


Processing UserSessionsController#destroy (for 127.0.0.1 at 2010-02-16 21:59:58) [GET]
  Parameters: {"action"=>"destroy", "controller"=>"user_sessions"}
  [4;35;1mUser Load (0.5ms)[0m   [0mSELECT * FROM "users" WHERE ("users"."persistence_token" = '7550b809bdeef455257a76043d63a68ec7c0c1ca455e645c4aad13f78eb3e7badcc135f2b84cb3142a524f0c8727401d5b3ab302eb786f6c3b595644d391c720') LIMIT 1[0m
Redirected to http://localhost:3000/
Completed in 18ms (DB: 0) | 302 Found [http://localhost/logout]


Processing BlogsController#index (for 127.0.0.1 at 2010-02-16 21:59:58) [GET]
  Parameters: {"action"=>"index", "controller"=>"blogs"}
  [4;36;1mBlog Load (0.6ms)[0m   [0;1mSELECT * FROM "blogs" [0m
Rendering template within layouts/application
Rendering blogs/index
Completed in 22ms (View: 16, DB: 1) | 200 OK [http://localhost/]


Processing UserSessionsController#new (for 127.0.0.1 at 2010-02-16 21:59:59) [GET]
  Parameters: {"action"=>"new", "controller"=>"user_sessions"}
Rendering template within layouts/application
Rendering user_sessions/new
Completed in 21ms (View: 6, DB: 0) | 200 OK [http://localhost/login]


Processing UserSessionsController#create (for 127.0.0.1 at 2010-02-16 22:00:06) [POST]
  Parameters: {"commit"=>"Submit", "user_session"=>{"username"=>"darren.holland", "password"=>"[FILTERED]"}, "action"=>"create", "authenticity_token"=>"YO6j1x1NHzcV+g2fgZkic7kgkrtMIyOCU0SmGM6nt8k=", "controller"=>"user_sessions"}
  [4;35;1mUser Load (0.5ms)[0m   [0mSELECT * FROM "users" WHERE (LOWER("users".username) = 'darren.holland') LIMIT 1[0m
Redirected to http://localhost:3000/
Completed in 20ms (DB: 0) | 302 Found [http://localhost/user_sessions]


Processing BlogsController#index (for 127.0.0.1 at 2010-02-16 22:00:06) [GET]
  Parameters: {"action"=>"index", "controller"=>"blogs"}
  [4;36;1mBlog Load (0.5ms)[0m   [0;1mSELECT * FROM "blogs" [0m
Rendering template within layouts/application
Rendering blogs/index
  [4;35;1mUser Load (0.5ms)[0m   [0mSELECT * FROM "users" WHERE ("users"."id" = '1') LIMIT 1[0m
Completed in 129ms (View: 123, DB: 1) | 200 OK [http://localhost/]


Processing BlogsController#index (for 127.0.0.1 at 2010-02-16 22:01:06) [GET]
  Parameters: {"action"=>"index", "controller"=>"blogs"}
  [4;36;1mBlog Load (0.5ms)[0m   [0;1mSELECT * FROM "blogs" [0m
Rendering template within layouts/application
Rendering blogs/index
  [4;35;1mUser Load (0.5ms)[0m   [0mSELECT * FROM "users" WHERE ("users"."id" = '1') LIMIT 1[0m
Completed in 24ms (View: 18, DB: 1) | 200 OK [http://localhost/]


Processing UserSessionsController#destroy (for 127.0.0.1 at 2010-02-16 22:01:09) [GET]
  Parameters: {"action"=>"destroy", "controller"=>"user_sessions"}
  [4;36;1mUser Load (0.5ms)[0m   [0;1mSELECT * FROM "users" WHERE ("users"."id" = '1') LIMIT 1[0m
Redirected to http://localhost:3000/
Completed in 19ms (DB: 0) | 302 Found [http://localhost/logout]


Processing BlogsController#index (for 127.0.0.1 at 2010-02-16 22:01:10) [GET]
  Parameters: {"action"=>"index", "controller"=>"blogs"}
  [4;35;1mBlog Load (0.5ms)[0m   [0mSELECT * FROM "blogs" [0m
Rendering template within layouts/application
Rendering blogs/index
Completed in 21ms (View: 15, DB: 1) | 200 OK [http://localhost/]
  [4;36;1mSQL (0.4ms)[0m   [0;1m SELECT name
 FROM sqlite_master
 WHERE type = 'table' AND NOT name = 'sqlite_sequence'
[0m
  [4;35;1mSQL (0.1ms)[0m   [0mSELECT version FROM schema_migrations[0m
Migrating to CreateBlogs (20100217011304)
Migrating to CreateUsers (20100217014055)
Migrating to CreateBlacks (20100228181137)
  [4;36;1mSQL (0.1ms)[0m   [0;1mselect sqlite_version(*)[0m
  [4;35;1mSQL (0.4ms)[0m   [0mCREATE TABLE "blacks" ("id" INTEGER PRIMARY KEY AUTOINCREMENT NOT NULL, "description" varchar(255), "created_at" datetime, "updated_at" datetime) [0m
  [4;36;1mSQL (0.1ms)[0m   [0;1mINSERT INTO schema_migrations (version) VALUES ('20100228181137')[0m
  [4;35;1mSQL (0.3ms)[0m   [0m SELECT name
 FROM sqlite_master
 WHERE type = 'table' AND NOT name = 'sqlite_sequence'
[0m
  [4;36;1mSQL (0.1ms)[0m   [0;1mSELECT version FROM schema_migrations[0m
  [4;35;1mSQL (0.4ms)[0m   [0m SELECT name
 FROM sqlite_master
 WHERE type = 'table' AND NOT name = 'sqlite_sequence'
[0m
  [4;36;1mSQL (0.0ms)[0m   [0;1mPRAGMA index_list("blacks")[0m
  [4;35;1mSQL (0.0ms)[0m   [0mPRAGMA index_list("blogs")[0m
  [4;36;1mSQL (0.0ms)[0m   [0;1mPRAGMA index_list("users")[0m
  [4;36;1mSQL (0.4ms)[0m   [0;1m SELECT name
 FROM sqlite_master
 WHERE type = 'table' AND NOT name = 'sqlite_sequence'
[0m
  [4;35;1mSQL (0.1ms)[0m   [0mSELECT version FROM schema_migrations[0m
Migrating to CreateBlogs (20100217011304)
Migrating to CreateUsers (20100217014055)
Migrating to CreateBlacks (20100228181137)
Migrating to ActsAsTaggableMigration (20100228181435)
  [4;36;1mSQL (0.1ms)[0m   [0;1mselect sqlite_version(*)[0m
  [4;35;1mSQL (0.4ms)[0m   [0mCREATE TABLE "tags" ("id" INTEGER PRIMARY KEY AUTOINCREMENT NOT NULL, "name" varchar(255)) [0m
  [4;36;1mSQL (0.1ms)[0m   [0;1mCREATE TABLE "taggings" ("id" INTEGER PRIMARY KEY AUTOINCREMENT NOT NULL, "tag_id" integer, "taggable_id" integer, "taggable_type" varchar(255), "created_at" datetime) [0m
  [4;35;1mSQL (0.1ms)[0m   [0mCREATE INDEX "index_taggings_on_tag_id" ON "taggings" ("tag_id")[0m
  [4;36;1mSQL (0.1ms)[0m   [0;1mCREATE INDEX "index_taggings_on_taggable_id_and_taggable_type" ON "taggings" ("taggable_id", "taggable_type")[0m
  [4;35;1mSQL (0.1ms)[0m   [0mINSERT INTO schema_migrations (version) VALUES ('20100228181435')[0m
  [4;36;1mSQL (0.3ms)[0m   [0;1m SELECT name
 FROM sqlite_master
 WHERE type = 'table' AND NOT name = 'sqlite_sequence'
[0m
  [4;35;1mSQL (0.2ms)[0m   [0mSELECT version FROM schema_migrations[0m
  [4;36;1mSQL (0.2ms)[0m   [0;1m SELECT name
 FROM sqlite_master
 WHERE type = 'table' AND NOT name = 'sqlite_sequence'
[0m
  [4;35;1mSQL (0.0ms)[0m   [0mPRAGMA index_list("blacks")[0m
  [4;36;1mSQL (0.0ms)[0m   [0;1mPRAGMA index_list("blogs")[0m
  [4;35;1mSQL (0.1ms)[0m   [0mPRAGMA index_list("taggings")[0m
  [4;36;1mSQL (0.1ms)[0m   [0;1mPRAGMA index_info('index_taggings_on_taggable_id_and_taggable_type')[0m
  [4;35;1mSQL (0.1ms)[0m   [0mPRAGMA index_info('index_taggings_on_tag_id')[0m
  [4;36;1mSQL (0.0ms)[0m   [0;1mPRAGMA index_list("tags")[0m
  [4;35;1mSQL (0.0ms)[0m   [0mPRAGMA index_list("users")[0m


Processing BlogsController#index (for 127.0.0.1 at 2010-02-28 13:17:47) [GET]
  Parameters: {"action"=>"index", "controller"=>"blogs"}
  [4;36;1mBlog Load (0.4ms)[0m   [0;1mSELECT * FROM "blogs" [0m
Rendering template within layouts/application
Rendering blogs/index
  [4;35;1mUser Load (0.3ms)[0m   [0mSELECT * FROM "users" WHERE ("users"."id" = '1') LIMIT 1[0m
  [4;36;1mUser Load (0.2ms)[0m   [0;1mSELECT * FROM "users" WHERE ("users"."id" = 1) LIMIT 1[0m
Completed in 40ms (View: 36, DB: 1) | 200 OK [http://localhost/]


Processing BlacksController#index (for 127.0.0.1 at 2010-02-28 13:18:13) [GET]
  Parameters: {"action"=>"index", "controller"=>"blacks"}
  [4;35;1mBlack Load (0.4ms)[0m   [0mSELECT * FROM "blacks" [0m
Rendering template within layouts/blacks
Rendering blacks/index
Completed in 16ms (View: 9, DB: 0) | 200 OK [http://localhost/]


Processing BlacksController#new (for 127.0.0.1 at 2010-02-28 13:18:15) [GET]
  Parameters: {"action"=>"new", "controller"=>"blacks"}
Rendering template within layouts/blacks
Rendering blacks/new
Completed in 18ms (View: 14, DB: 0) | 200 OK [http://localhost/blacks/new]


Processing BlacksController#create (for 127.0.0.1 at 2010-02-28 13:18:32) [POST]
  Parameters: {"commit"=>"Create", "black"=>{"tag_list"=>"hello", "description"=>"hello"}, "action"=>"create", "authenticity_token"=>"JOpXnbJJHHf4qLyG54VaFpTGxAdu+filHatcZuIrdAg=", "controller"=>"blacks"}
  [4;36;1mBlack Create (0.3ms)[0m   [0;1mINSERT INTO "blacks" ("created_at", "updated_at", "description") VALUES('2010-02-28 18:18:32', '2010-02-28 18:18:32', 'hello')[0m
  [4;35;1mTag Load (0.2ms)[0m   [0mSELECT "tags".* FROM "tags" INNER JOIN "taggings" ON "tags".id = "taggings".tag_id WHERE (("taggings".taggable_id = 1) AND ("taggings".taggable_type = 'Black')) [0m
  [4;36;1mTag Load (0.1ms)[0m   [0;1mSELECT * FROM "tags" WHERE (name LIKE 'hello') LIMIT 1[0m
  [4;35;1mTag Load (0.1ms)[0m   [0mSELECT "tags".id FROM "tags" WHERE ("tags"."name" = 'hello') LIMIT 1[0m
  [4;36;1mTag Create (0.1ms)[0m   [0;1mINSERT INTO "tags" ("name") VALUES('hello')[0m
  [4;35;1mTagging Create (0.2ms)[0m   [0mINSERT INTO "taggings" ("created_at", "tag_id", "taggable_id", "taggable_type") VALUES('2010-02-28 18:18:32', 1, 1, 'Black')[0m
Redirected to http://localhost:3000/blacks/1
Completed in 89ms (DB: 1) | 302 Found [http://localhost/blacks]


Processing BlacksController#show (for 127.0.0.1 at 2010-02-28 13:18:32) [GET]
  Parameters: {"action"=>"show", "id"=>"1", "controller"=>"blacks"}
  [4;36;1mBlack Load (0.1ms)[0m   [0;1mSELECT * FROM "blacks" WHERE ("blacks"."id" = 1) [0m
Rendering template within layouts/blacks
Rendering blacks/show
Completed in 13ms (View: 6, DB: 0) | 200 OK [http://localhost/blacks/1]


Processing BlacksController#edit (for 127.0.0.1 at 2010-02-28 13:18:34) [GET]
  Parameters: {"action"=>"edit", "id"=>"1", "controller"=>"blacks"}
  [4;35;1mBlack Load (0.2ms)[0m   [0mSELECT * FROM "blacks" WHERE ("blacks"."id" = 1) [0m
Rendering template within layouts/blacks
Rendering blacks/edit
  [4;36;1mTag Load (0.3ms)[0m   [0;1mSELECT "tags".* FROM "tags" INNER JOIN "taggings" ON "tags".id = "taggings".tag_id WHERE (("taggings".taggable_id = 1) AND ("taggings".taggable_type = 'Black')) [0m
Completed in 15ms (View: 10, DB: 0) | 200 OK [http://localhost/blacks/1/edit]


Processing BlacksController#index (for 127.0.0.1 at 2010-02-28 13:18:37) [GET]
  Parameters: {"action"=>"index", "controller"=>"blacks"}
  [4;35;1mBlack Load (0.4ms)[0m   [0mSELECT * FROM "blacks" [0m
Rendering template within layouts/blacks
Rendering blacks/index
Completed in 10ms (View: 5, DB: 0) | 200 OK [http://localhost/blacks]
  [4;36;1mTag Load (0.4ms)[0m   [0;1mSELECT * FROM "tags" [0m


Processing BlacksController#edit (for 127.0.0.1 at 2010-02-28 13:20:30) [GET]
  Parameters: {"action"=>"edit", "id"=>"1", "controller"=>"blacks"}
  [4;36;1mBlack Load (0.1ms)[0m   [0;1mSELECT * FROM "blacks" WHERE ("blacks"."id" = 1) [0m
Rendering template within layouts/blacks
Rendering blacks/edit
  [4;35;1mTag Load (0.2ms)[0m   [0mSELECT "tags".* FROM "tags" INNER JOIN "taggings" ON "tags".id = "taggings".tag_id WHERE (("taggings".taggable_id = 1) AND ("taggings".taggable_type = 'Black')) [0m
Completed in 10ms (View: 5, DB: 0) | 200 OK [http://localhost/blacks/1/edit]


Processing BlacksController#update (for 127.0.0.1 at 2010-02-28 13:20:35) [PUT]
  Parameters: {"commit"=>"Update", "black"=>{"tag_list"=>"hello,hello", "description"=>"hello"}, "action"=>"update", "_method"=>"put", "authenticity_token"=>"JOpXnbJJHHf4qLyG54VaFpTGxAdu+filHatcZuIrdAg=", "id"=>"1", "controller"=>"blacks"}
  [4;36;1mBlack Load (0.1ms)[0m   [0;1mSELECT * FROM "blacks" WHERE ("blacks"."id" = 1) [0m
  [4;35;1mTag Load (0.2ms)[0m   [0mSELECT "tags".* FROM "tags" INNER JOIN "taggings" ON "tags".id = "taggings".tag_id WHERE (("taggings".taggable_id = 1) AND ("taggings".taggable_type = 'Black')) [0m
Redirected to http://localhost:3000/blacks/1
Completed in 8ms (DB: 0) | 302 Found [http://localhost/blacks/1]


Processing BlacksController#show (for 127.0.0.1 at 2010-02-28 13:20:35) [GET]
  Parameters: {"action"=>"show", "id"=>"1", "controller"=>"blacks"}
  [4;36;1mBlack Load (0.1ms)[0m   [0;1mSELECT * FROM "blacks" WHERE ("blacks"."id" = 1) [0m
Rendering template within layouts/blacks
Rendering blacks/show
Completed in 8ms (View: 2, DB: 0) | 200 OK [http://localhost/blacks/1]


Processing BlacksController#edit (for 127.0.0.1 at 2010-02-28 13:20:36) [GET]
  Parameters: {"action"=>"edit", "id"=>"1", "controller"=>"blacks"}
  [4;35;1mBlack Load (0.2ms)[0m   [0mSELECT * FROM "blacks" WHERE ("blacks"."id" = 1) [0m
Rendering template within layouts/blacks
Rendering blacks/edit
  [4;36;1mTag Load (0.3ms)[0m   [0;1mSELECT "tags".* FROM "tags" INNER JOIN "taggings" ON "tags".id = "taggings".tag_id WHERE (("taggings".taggable_id = 1) AND ("taggings".taggable_type = 'Black')) [0m
Completed in 43ms (View: 6, DB: 0) | 200 OK [http://localhost/blacks/1/edit]


Processing BlacksController#index (for 127.0.0.1 at 2010-02-28 13:20:40) [GET]
  Parameters: {"action"=>"index", "controller"=>"blacks"}
  [4;35;1mBlack Load (0.5ms)[0m   [0mSELECT * FROM "blacks" [0m
Rendering template within layouts/blacks
Rendering blacks/index
Completed in 10ms (View: 5, DB: 0) | 200 OK [http://localhost/blacks]


Processing BlacksController#edit (for 127.0.0.1 at 2010-02-28 13:20:43) [GET]
  Parameters: {"action"=>"edit", "id"=>"1", "controller"=>"blacks"}
  [4;36;1mBlack Load (0.1ms)[0m   [0;1mSELECT * FROM "blacks" WHERE ("blacks"."id" = 1) [0m
Rendering template within layouts/blacks
Rendering blacks/edit
  [4;35;1mTag Load (0.2ms)[0m   [0mSELECT "tags".* FROM "tags" INNER JOIN "taggings" ON "tags".id = "taggings".tag_id WHERE (("taggings".taggable_id = 1) AND ("taggings".taggable_type = 'Black')) [0m
Completed in 11ms (View: 6, DB: 0) | 200 OK [http://localhost/blacks/1/edit]


Processing BlacksController#update (for 127.0.0.1 at 2010-02-28 13:20:49) [PUT]
  Parameters: {"commit"=>"Update", "black"=>{"tag_list"=>"hello,hell", "description"=>"hello"}, "action"=>"update", "_method"=>"put", "authenticity_token"=>"JOpXnbJJHHf4qLyG54VaFpTGxAdu+filHatcZuIrdAg=", "id"=>"1", "controller"=>"blacks"}
  [4;36;1mBlack Load (0.1ms)[0m   [0;1mSELECT * FROM "blacks" WHERE ("blacks"."id" = 1) [0m
  [4;35;1mTag Load (0.2ms)[0m   [0mSELECT "tags".* FROM "tags" INNER JOIN "taggings" ON "tags".id = "taggings".tag_id WHERE (("taggings".taggable_id = 1) AND ("taggings".taggable_type = 'Black')) [0m
  [4;36;1mTag Load (0.1ms)[0m   [0;1mSELECT * FROM "tags" WHERE (name LIKE 'hell') LIMIT 1[0m
  [4;35;1mTag Load (0.1ms)[0m   [0mSELECT "tags".id FROM "tags" WHERE ("tags"."name" = 'hell') LIMIT 1[0m
  [4;36;1mTag Create (0.2ms)[0m   [0;1mINSERT INTO "tags" ("name") VALUES('hell')[0m
  [4;35;1mTagging Create (0.1ms)[0m   [0mINSERT INTO "taggings" ("created_at", "tag_id", "taggable_id", "taggable_type") VALUES('2010-02-28 18:20:49', 2, 1, 'Black')[0m
Redirected to http://localhost:3000/blacks/1
Completed in 15ms (DB: 1) | 302 Found [http://localhost/blacks/1]


Processing BlacksController#show (for 127.0.0.1 at 2010-02-28 13:20:49) [GET]
  Parameters: {"action"=>"show", "id"=>"1", "controller"=>"blacks"}
  [4;36;1mBlack Load (0.2ms)[0m   [0;1mSELECT * FROM "blacks" WHERE ("blacks"."id" = 1) [0m
Rendering template within layouts/blacks
Rendering blacks/show
Completed in 8ms (View: 2, DB: 0) | 200 OK [http://localhost/blacks/1]


Processing BlacksController#edit (for 127.0.0.1 at 2010-02-28 13:20:50) [GET]
  Parameters: {"action"=>"edit", "id"=>"1", "controller"=>"blacks"}
  [4;35;1mBlack Load (0.2ms)[0m   [0mSELECT * FROM "blacks" WHERE ("blacks"."id" = 1) [0m
Rendering template within layouts/blacks
Rendering blacks/edit
  [4;36;1mTag Load (0.3ms)[0m   [0;1mSELECT "tags".* FROM "tags" INNER JOIN "taggings" ON "tags".id = "taggings".tag_id WHERE (("taggings".taggable_id = 1) AND ("taggings".taggable_type = 'Black')) [0m
Completed in 11ms (View: 5, DB: 0) | 200 OK [http://localhost/blacks/1/edit]
  [4;35;1mTag Load (0.3ms)[0m   [0mSELECT * FROM "tags" [0m
  [4;36;1mSQL (0.6ms)[0m   [0;1m SELECT name
 FROM sqlite_master
 WHERE type = 'table' AND NOT name = 'sqlite_sequence'
[0m
  [4;35;1mSQL (0.2ms)[0m   [0mSELECT version FROM schema_migrations[0m
  [4;36;1mSQL (0.2ms)[0m   [0;1m SELECT name
 FROM sqlite_master
 WHERE type = 'table' AND NOT name = 'sqlite_sequence'
[0m
  [4;35;1mSQL (0.2ms)[0m   [0mSELECT version FROM schema_migrations[0m
Migrating to ActsAsTaggableMigration (20100228181435)
  [4;36;1mSQL (0.1ms)[0m   [0;1mselect sqlite_version(*)[0m
  [4;35;1mSQL (1.1ms)[0m   [0mDROP TABLE "taggings"[0m
  [4;36;1mSQL (0.2ms)[0m   [0;1mDROP TABLE "tags"[0m
  [4;35;1mSQL (0.1ms)[0m   [0mDELETE FROM schema_migrations WHERE version = '20100228181435'[0m
Migrating to CreateBlacks (20100228181137)
  [4;36;1mSQL (0.5ms)[0m   [0;1mDROP TABLE "blacks"[0m
  [4;35;1mSQL (0.1ms)[0m   [0mDELETE FROM schema_migrations WHERE version = '20100228181137'[0m
Migrating to CreateUsers (20100217014055)
  [4;36;1mSQL (0.4ms)[0m   [0;1mDROP TABLE "users"[0m
  [4;35;1mSQL (0.1ms)[0m   [0mDELETE FROM schema_migrations WHERE version = '20100217014055'[0m
Migrating to CreateBlogs (20100217011304)
  [4;36;1mSQL (0.5ms)[0m   [0;1mDROP TABLE "blogs"[0m
  [4;35;1mSQL (0.1ms)[0m   [0mDELETE FROM schema_migrations WHERE version = '20100217011304'[0m
  [4;36;1mSQL (0.2ms)[0m   [0;1m SELECT name
 FROM sqlite_master
 WHERE type = 'table' AND NOT name = 'sqlite_sequence'
[0m
  [4;35;1mSQL (0.1ms)[0m   [0mSELECT version FROM schema_migrations[0m
  [4;36;1mSQL (0.1ms)[0m   [0;1m SELECT name
 FROM sqlite_master
 WHERE type = 'table' AND NOT name = 'sqlite_sequence'
[0m
  [4;36;1mSQL (0.3ms)[0m   [0;1m SELECT name
 FROM sqlite_master
 WHERE type = 'table' AND NOT name = 'sqlite_sequence'
[0m
  [4;35;1mSQL (0.1ms)[0m   [0mSELECT version FROM schema_migrations[0m
  [4;36;1mSQL (0.1ms)[0m   [0;1m SELECT name
 FROM sqlite_master
 WHERE type = 'table' AND NOT name = 'sqlite_sequence'
[0m
  [4;35;1mSQL (0.1ms)[0m   [0mSELECT version FROM schema_migrations[0m
Migrating to CreateBlogs (20100217011304)
  [4;36;1mSQL (0.1ms)[0m   [0;1mselect sqlite_version(*)[0m
  [4;35;1mSQL (0.5ms)[0m   [0mCREATE TABLE "blogs" ("id" INTEGER PRIMARY KEY AUTOINCREMENT NOT NULL, "title" varchar(255), "body" text, "created_at" datetime, "updated_at" datetime) [0m
  [4;36;1mSQL (0.1ms)[0m   [0;1mINSERT INTO schema_migrations (version) VALUES ('20100217011304')[0m
Migrating to CreateUsers (20100217014055)
  [4;35;1mSQL (1.2ms)[0m   [0mCREATE TABLE "users" ("id" INTEGER PRIMARY KEY AUTOINCREMENT NOT NULL, "username" varchar(255), "email" varchar(255), "crypted_password" varchar(255), "password_salt" varchar(255), "persistence_token" varchar(255), "created_at" datetime, "updated_at" datetime) [0m
  [4;36;1mSQL (0.1ms)[0m   [0;1mINSERT INTO schema_migrations (version) VALUES ('20100217014055')[0m
Migrating to CreateBlacks (20100228181137)
  [4;35;1mSQL (0.4ms)[0m   [0mCREATE TABLE "blacks" ("id" INTEGER PRIMARY KEY AUTOINCREMENT NOT NULL, "description" varchar(255), "user_id" integer, "created_at" datetime, "updated_at" datetime) [0m
  [4;36;1mSQL (0.1ms)[0m   [0;1mINSERT INTO schema_migrations (version) VALUES ('20100228181137')[0m
Migrating to ActsAsTaggableMigration (20100228181435)
  [4;35;1mSQL (0.5ms)[0m   [0mCREATE TABLE "tags" ("id" INTEGER PRIMARY KEY AUTOINCREMENT NOT NULL, "name" varchar(255)) [0m
  [4;36;1mSQL (0.1ms)[0m   [0;1mCREATE TABLE "taggings" ("id" INTEGER PRIMARY KEY AUTOINCREMENT NOT NULL, "tag_id" integer, "taggable_id" integer, "taggable_type" varchar(255), "created_at" datetime) [0m
  [4;35;1mSQL (0.1ms)[0m   [0mCREATE INDEX "index_taggings_on_tag_id" ON "taggings" ("tag_id")[0m
  [4;36;1mSQL (0.1ms)[0m   [0;1mCREATE INDEX "index_taggings_on_taggable_id_and_taggable_type" ON "taggings" ("taggable_id", "taggable_type")[0m
  [4;35;1mSQL (0.1ms)[0m   [0mINSERT INTO schema_migrations (version) VALUES ('20100228181435')[0m
  [4;36;1mSQL (0.3ms)[0m   [0;1m SELECT name
 FROM sqlite_master
 WHERE type = 'table' AND NOT name = 'sqlite_sequence'
[0m
  [4;35;1mSQL (0.2ms)[0m   [0mSELECT version FROM schema_migrations[0m
  [4;36;1mSQL (0.2ms)[0m   [0;1m SELECT name
 FROM sqlite_master
 WHERE type = 'table' AND NOT name = 'sqlite_sequence'
[0m
  [4;35;1mSQL (0.1ms)[0m   [0mPRAGMA index_list("blacks")[0m
  [4;36;1mSQL (0.1ms)[0m   [0;1mPRAGMA index_list("blogs")[0m
  [4;35;1mSQL (0.1ms)[0m   [0mPRAGMA index_list("taggings")[0m
  [4;36;1mSQL (0.1ms)[0m   [0;1mPRAGMA index_info('index_taggings_on_taggable_id_and_taggable_type')[0m
  [4;35;1mSQL (0.1ms)[0m   [0mPRAGMA index_info('index_taggings_on_tag_id')[0m
  [4;36;1mSQL (0.0ms)[0m   [0;1mPRAGMA index_list("tags")[0m
  [4;35;1mSQL (0.0ms)[0m   [0mPRAGMA index_list("users")[0m
  [4;36;1mSQL (0.5ms)[0m   [0;1m SELECT name
 FROM sqlite_master
 WHERE type = 'table' AND NOT name = 'sqlite_sequence'
[0m
  [4;35;1mSQL (0.2ms)[0m   [0mSELECT version FROM schema_migrations[0m
  [4;36;1mSQL (0.2ms)[0m   [0;1m SELECT name
 FROM sqlite_master
 WHERE type = 'table' AND NOT name = 'sqlite_sequence'
[0m
  [4;35;1mSQL (0.2ms)[0m   [0mSELECT version FROM schema_migrations[0m
Migrating to ActsAsTaggableMigration (20100228181435)
  [4;36;1mSQL (0.1ms)[0m   [0;1mselect sqlite_version(*)[0m
  [4;35;1mSQL (0.6ms)[0m   [0mDROP TABLE "taggings"[0m
  [4;36;1mSQL (0.2ms)[0m   [0;1mDROP TABLE "tags"[0m
  [4;35;1mSQL (0.1ms)[0m   [0mDELETE FROM schema_migrations WHERE version = '20100228181435'[0m
Migrating to CreateBlacks (20100228181137)
  [4;36;1mSQL (0.7ms)[0m   [0;1mDROP TABLE "blacks"[0m
  [4;35;1mSQL (0.1ms)[0m   [0mDELETE FROM schema_migrations WHERE version = '20100228181137'[0m
Migrating to CreateUsers (20100217014055)
  [4;36;1mSQL (0.5ms)[0m   [0;1mDROP TABLE "users"[0m
  [4;35;1mSQL (0.1ms)[0m   [0mDELETE FROM schema_migrations WHERE version = '20100217014055'[0m
Migrating to CreateBlogs (20100217011304)
  [4;36;1mSQL (0.4ms)[0m   [0;1mDROP TABLE "blogs"[0m
  [4;35;1mSQL (0.1ms)[0m   [0mDELETE FROM schema_migrations WHERE version = '20100217011304'[0m
  [4;36;1mSQL (0.2ms)[0m   [0;1m SELECT name
 FROM sqlite_master
 WHERE type = 'table' AND NOT name = 'sqlite_sequence'
[0m
  [4;35;1mSQL (0.1ms)[0m   [0mSELECT version FROM schema_migrations[0m
  [4;36;1mSQL (0.1ms)[0m   [0;1m SELECT name
 FROM sqlite_master
 WHERE type = 'table' AND NOT name = 'sqlite_sequence'
[0m
  [4;36;1mSQL (0.3ms)[0m   [0;1m SELECT name
 FROM sqlite_master
 WHERE type = 'table' AND NOT name = 'sqlite_sequence'
[0m
  [4;35;1mSQL (0.1ms)[0m   [0mSELECT version FROM schema_migrations[0m
Migrating to CreateBlogs (20100217011304)
  [4;36;1mSQL (0.1ms)[0m   [0;1mselect sqlite_version(*)[0m
  [4;35;1mSQL (0.4ms)[0m   [0mCREATE TABLE "blogs" ("id" INTEGER PRIMARY KEY AUTOINCREMENT NOT NULL, "title" varchar(255), "body" text, "created_at" datetime, "updated_at" datetime) [0m
  [4;36;1mSQL (0.1ms)[0m   [0;1mINSERT INTO schema_migrations (version) VALUES ('20100217011304')[0m
Migrating to CreateUsers (20100217014055)
  [4;35;1mSQL (0.3ms)[0m   [0mCREATE TABLE "users" ("id" INTEGER PRIMARY KEY AUTOINCREMENT NOT NULL, "username" varchar(255), "email" varchar(255), "crypted_password" varchar(255), "password_salt" varchar(255), "persistence_token" varchar(255), "created_at" datetime, "updated_at" datetime) [0m
  [4;36;1mSQL (0.1ms)[0m   [0;1mINSERT INTO schema_migrations (version) VALUES ('20100217014055')[0m
Migrating to CreateBlacks (20100228181137)
  [4;35;1mSQL (0.4ms)[0m   [0mCREATE TABLE "blacks" ("id" INTEGER PRIMARY KEY AUTOINCREMENT NOT NULL, "description" varchar(255), "user_id" integer, "created_at" datetime, "updated_at" datetime) [0m
  [4;36;1mSQL (0.1ms)[0m   [0;1mINSERT INTO schema_migrations (version) VALUES ('20100228181137')[0m
Migrating to ActsAsTaggableMigration (20100228181435)
  [4;35;1mSQL (0.3ms)[0m   [0mCREATE TABLE "tags" ("id" INTEGER PRIMARY KEY AUTOINCREMENT NOT NULL, "name" varchar(255)) [0m
  [4;36;1mSQL (0.1ms)[0m   [0;1mCREATE TABLE "taggings" ("id" INTEGER PRIMARY KEY AUTOINCREMENT NOT NULL, "tag_id" integer, "taggable_id" integer, "taggable_type" varchar(255), "created_at" datetime) [0m
  [4;35;1mSQL (0.1ms)[0m   [0mCREATE INDEX "index_taggings_on_tag_id" ON "taggings" ("tag_id")[0m
  [4;36;1mSQL (0.1ms)[0m   [0;1mCREATE INDEX "index_taggings_on_taggable_id_and_taggable_type" ON "taggings" ("taggable_id", "taggable_type")[0m
  [4;35;1mSQL (0.1ms)[0m   [0mINSERT INTO schema_migrations (version) VALUES ('20100228181435')[0m
  [4;36;1mSQL (0.3ms)[0m   [0;1m SELECT name
 FROM sqlite_master
 WHERE type = 'table' AND NOT name = 'sqlite_sequence'
[0m
  [4;35;1mSQL (0.2ms)[0m   [0mSELECT version FROM schema_migrations[0m
  [4;36;1mSQL (0.2ms)[0m   [0;1m SELECT name
 FROM sqlite_master
 WHERE type = 'table' AND NOT name = 'sqlite_sequence'
[0m
  [4;35;1mSQL (0.0ms)[0m   [0mPRAGMA index_list("blacks")[0m
  [4;36;1mSQL (0.0ms)[0m   [0;1mPRAGMA index_list("blogs")[0m
  [4;35;1mSQL (0.1ms)[0m   [0mPRAGMA index_list("taggings")[0m
  [4;36;1mSQL (0.1ms)[0m   [0;1mPRAGMA index_info('index_taggings_on_taggable_id_and_taggable_type')[0m
  [4;35;1mSQL (0.1ms)[0m   [0mPRAGMA index_info('index_taggings_on_tag_id')[0m
  [4;36;1mSQL (0.0ms)[0m   [0;1mPRAGMA index_list("tags")[0m
  [4;35;1mSQL (0.0ms)[0m   [0mPRAGMA index_list("users")[0m


Processing BlacksController#edit (for 127.0.0.1 at 2010-02-28 13:27:18) [GET]
  Parameters: {"action"=>"edit", "id"=>"1", "controller"=>"blacks"}
  [4;35;1mBlack Load (0.1ms)[0m   [0mSELECT * FROM "blacks" WHERE ("blacks"."id" = 1) [0m

ActiveRecord::RecordNotFound (Couldn't find Black with ID=1):
  app/controllers/blacks_controller.rb:37:in `edit'

Rendered rescues/_trace (93.0ms)
Rendered rescues/_request_and_response (1.0ms)
Rendering rescues/layout (not_found)


Processing BlacksController#edit (for 127.0.0.1 at 2010-02-28 13:27:19) [GET]
  Parameters: {"action"=>"edit", "id"=>"1", "controller"=>"blacks"}
  [4;36;1mBlack Load (0.1ms)[0m   [0;1mSELECT * FROM "blacks" WHERE ("blacks"."id" = 1) [0m

ActiveRecord::RecordNotFound (Couldn't find Black with ID=1):
  app/controllers/blacks_controller.rb:37:in `edit'

Rendered rescues/_trace (34.2ms)
Rendered rescues/_request_and_response (0.3ms)
Rendering rescues/layout (not_found)


Processing BlacksController#edit (for 127.0.0.1 at 2010-02-28 13:27:30) [GET]
  Parameters: {"action"=>"edit", "id"=>"1", "controller"=>"blacks"}
  [4;35;1mBlack Load (0.1ms)[0m   [0mSELECT * FROM "blacks" WHERE ("blacks"."id" = 1) [0m

ActiveRecord::RecordNotFound (Couldn't find Black with ID=1):
  app/controllers/blacks_controller.rb:37:in `edit'

Rendered rescues/_trace (30.1ms)
Rendered rescues/_request_and_response (0.3ms)
Rendering rescues/layout (not_found)


Processing BlacksController#index (for 127.0.0.1 at 2010-02-28 13:27:34) [GET]
  Parameters: {"action"=>"index", "controller"=>"blacks"}
  [4;36;1mBlack Load (0.4ms)[0m   [0;1mSELECT * FROM "blacks" [0m
Rendering template within layouts/blacks
Rendering blacks/index
Completed in 43ms (View: 38, DB: 0) | 200 OK [http://localhost/blacks]


Processing BlacksController#new (for 127.0.0.1 at 2010-02-28 13:27:36) [GET]
  Parameters: {"action"=>"new", "controller"=>"blacks"}
Rendering template within layouts/blacks
Rendering blacks/new
Completed in 9ms (View: 4, DB: 0) | 200 OK [http://localhost/blacks/new]


Processing BlacksController#create (for 127.0.0.1 at 2010-02-28 13:27:54) [POST]
  Parameters: {"commit"=>"Create", "black"=>{"tag_list"=>"the world is, mine", "description"=>"test"}, "action"=>"create", "authenticity_token"=>"JOpXnbJJHHf4qLyG54VaFpTGxAdu+filHatcZuIrdAg=", "controller"=>"blacks"}
  [4;35;1mUser Load (0.2ms)[0m   [0mSELECT * FROM "users" WHERE ("users"."id" = '1') LIMIT 1[0m
  [4;36;1mUser Load (0.1ms)[0m   [0;1mSELECT * FROM "users" WHERE ("users"."id" = 1) LIMIT 1[0m

RuntimeError (Called id for nil, which would mistakenly be 4 -- if you really wanted the id of nil, use object_id):
  app/controllers/blacks_controller.rb:44:in `create'

Rendered rescues/_trace (27.8ms)
Rendered rescues/_request_and_response (0.4ms)
Rendering rescues/layout (internal_server_error)


Processing BlacksController#index (for 127.0.0.1 at 2010-02-28 13:28:03) [GET]
  Parameters: {"action"=>"index", "controller"=>"blacks"}
  [4;35;1mBlack Load (0.4ms)[0m   [0mSELECT * FROM "blacks" [0m
Rendering template within layouts/blacks
Rendering blacks/index
Completed in 69ms (View: 1, DB: 0) | 200 OK [http://localhost/]


Processing ApplicationController#index (for 127.0.0.1 at 2010-02-28 13:28:08) [GET]

ActionController::RoutingError (No route matches "/blog" with {:method=>:get}):
  

Rendering rescues/layout (not_found)


Processing BlogsController#new (for 127.0.0.1 at 2010-02-28 13:28:09) [GET]
  Parameters: {"action"=>"new", "controller"=>"blogs"}
Rendering template within layouts/application
Rendering blogs/new
Rendered blogs/_form (3.1ms)
  [4;36;1mUser Load (0.2ms)[0m   [0;1mSELECT * FROM "users" WHERE ("users"."id" = '1') LIMIT 1[0m
  [4;35;1mUser Load (0.1ms)[0m   [0mSELECT * FROM "users" WHERE ("users"."id" = 1) LIMIT 1[0m
Completed in 25ms (View: 21, DB: 0) | 200 OK [http://localhost/blogs/new]


Processing UserSessionsController#new (for 127.0.0.1 at 2010-02-28 13:28:10) [GET]
  Parameters: {"action"=>"new", "controller"=>"user_sessions"}
Rendering template within layouts/application
Rendering user_sessions/new
  [4;36;1mUser Load (0.2ms)[0m   [0;1mSELECT * FROM "users" WHERE ("users"."id" = '1') LIMIT 1[0m
  [4;35;1mUser Load (0.1ms)[0m   [0mSELECT * FROM "users" WHERE ("users"."id" = 1) LIMIT 1[0m
Completed in 91ms (View: 9, DB: 0) | 200 OK [http://localhost/login]


Processing UsersController#new (for 127.0.0.1 at 2010-02-28 13:28:14) [GET]
  Parameters: {"action"=>"new", "controller"=>"users"}
Rendering template within layouts/application
Rendering users/new
Rendered users/_form (5.3ms)
  [4;36;1mUser Load (0.2ms)[0m   [0;1mSELECT * FROM "users" WHERE ("users"."id" = '1') LIMIT 1[0m
  [4;35;1mUser Load (0.1ms)[0m   [0mSELECT * FROM "users" WHERE ("users"."id" = 1) LIMIT 1[0m
Completed in 85ms (View: 78, DB: 0) | 200 OK [http://localhost/users/new]


Processing UsersController#create (for 127.0.0.1 at 2010-02-28 13:28:22) [POST]
  Parameters: {"commit"=>"Submit", "action"=>"create", "authenticity_token"=>"JOpXnbJJHHf4qLyG54VaFpTGxAdu+filHatcZuIrdAg=", "controller"=>"users", "user"=>{"password_confirmation"=>"[FILTERED]", "username"=>"jose.risi", "password"=>"[FILTERED]", "email"=>"jose.risi@gmail.com"}}
  [4;36;1mUser Load (0.2ms)[0m   [0;1mSELECT "users".id FROM "users" WHERE (LOWER("users"."email") = 'jose.risi@gmail.com') LIMIT 1[0m
  [4;35;1mUser Load (0.1ms)[0m   [0mSELECT "users".id FROM "users" WHERE (LOWER("users"."username") = 'jose.risi') LIMIT 1[0m
  [4;36;1mUser Load (0.1ms)[0m   [0;1mSELECT "users".id FROM "users" WHERE ("users"."persistence_token" = 'a90e11bbfff008c47fe25144f6e6f20ca678e0c5a2bcfb21cffb718a09853eb16da7ee295077a1cae6271468229bf5a2d16dfec460c7bc93d233efeee683f315') LIMIT 1[0m
  [4;35;1mUser Load (0.1ms)[0m   [0mSELECT * FROM "users" WHERE ("users"."id" = '1') LIMIT 1[0m
  [4;36;1mUser Load (0.1ms)[0m   [0;1mSELECT * FROM "users" WHERE ("users"."id" = 1) LIMIT 1[0m
  [4;35;1mUser Create (0.3ms)[0m   [0mINSERT INTO "users" ("created_at", "crypted_password", "updated_at", "username", "password_salt", "persistence_token", "email") VALUES('2010-02-28 18:28:22', 'd96c83bdfdebedc8b9e5f0a236bde1c4e4e594e12b944f78fea7bb36dff164eb44bc67a2f2b46f0eca041df12fe673d10b26a5d09b6b301fc616c85dbd11dcc1', '2010-02-28 18:28:22', 'jose.risi', '-Do-GWDTG0ovzSV2j7C-', 'a90e11bbfff008c47fe25144f6e6f20ca678e0c5a2bcfb21cffb718a09853eb16da7ee295077a1cae6271468229bf5a2d16dfec460c7bc93d233efeee683f315', 'jose.risi@gmail.com')[0m
Redirected to http://localhost:3000/
Completed in 234ms (DB: 1) | 302 Found [http://localhost/users]


Processing BlacksController#index (for 127.0.0.1 at 2010-02-28 13:28:22) [GET]
  Parameters: {"action"=>"index", "controller"=>"blacks"}
  [4;36;1mBlack Load (0.5ms)[0m   [0;1mSELECT * FROM "blacks" [0m
Rendering template within layouts/blacks
Rendering blacks/index
Completed in 6ms (View: 1, DB: 0) | 200 OK [http://localhost/]


Processing BlacksController#new (for 127.0.0.1 at 2010-02-28 13:28:24) [GET]
  Parameters: {"action"=>"new", "controller"=>"blacks"}
Rendering template within layouts/blacks
Rendering blacks/new
Completed in 9ms (View: 4, DB: 0) | 200 OK [http://localhost/blacks/new]


Processing BlacksController#create (for 127.0.0.1 at 2010-02-28 13:28:32) [POST]
  Parameters: {"commit"=>"Create", "black"=>{"tag_list"=>"hello,hell", "description"=>"hello"}, "action"=>"create", "authenticity_token"=>"JOpXnbJJHHf4qLyG54VaFpTGxAdu+filHatcZuIrdAg=", "controller"=>"blacks"}
  [4;35;1mUser Load (0.3ms)[0m   [0mSELECT * FROM "users" WHERE ("users"."persistence_token" = 'a90e11bbfff008c47fe25144f6e6f20ca678e0c5a2bcfb21cffb718a09853eb16da7ee295077a1cae6271468229bf5a2d16dfec460c7bc93d233efeee683f315') LIMIT 1[0m
  [4;36;1mBlack Create (0.3ms)[0m   [0;1mINSERT INTO "blacks" ("created_at", "updated_at", "user_id", "description") VALUES('2010-02-28 18:28:32', '2010-02-28 18:28:32', 1, 'hello')[0m
  [4;35;1mTag Load (0.1ms)[0m   [0mSELECT "tags".* FROM "tags" INNER JOIN "taggings" ON "tags".id = "taggings".tag_id WHERE (("taggings".taggable_id = 1) AND ("taggings".taggable_type = 'Black')) [0m
  [4;36;1mTag Load (0.1ms)[0m   [0;1mSELECT * FROM "tags" WHERE (name LIKE 'hello') LIMIT 1[0m
  [4;35;1mTag Load (0.1ms)[0m   [0mSELECT "tags".id FROM "tags" WHERE ("tags"."name" = 'hello') LIMIT 1[0m
  [4;36;1mTag Create (0.1ms)[0m   [0;1mINSERT INTO "tags" ("name") VALUES('hello')[0m
  [4;35;1mTagging Create (0.1ms)[0m   [0mINSERT INTO "taggings" ("created_at", "tag_id", "taggable_id", "taggable_type") VALUES('2010-02-28 18:28:32', 1, 1, 'Black')[0m
  [4;36;1mTag Load (0.1ms)[0m   [0;1mSELECT * FROM "tags" WHERE (name LIKE 'hell') LIMIT 1[0m
  [4;35;1mTag Load (0.1ms)[0m   [0mSELECT "tags".id FROM "tags" WHERE ("tags"."name" = 'hell') LIMIT 1[0m
  [4;36;1mTag Create (0.1ms)[0m   [0;1mINSERT INTO "tags" ("name") VALUES('hell')[0m
  [4;35;1mTagging Create (0.1ms)[0m   [0mINSERT INTO "taggings" ("created_at", "tag_id", "taggable_id", "taggable_type") VALUES('2010-02-28 18:28:32', 2, 1, 'Black')[0m
Redirected to http://localhost:3000/blacks/1
Completed in 29ms (DB: 1) | 302 Found [http://localhost/blacks]


Processing BlacksController#show (for 127.0.0.1 at 2010-02-28 13:28:32) [GET]
  Parameters: {"action"=>"show", "id"=>"1", "controller"=>"blacks"}
  [4;36;1mBlack Load (0.2ms)[0m   [0;1mSELECT * FROM "blacks" WHERE ("blacks"."id" = 1) [0m
Rendering template within layouts/blacks
Rendering blacks/show
Completed in 8ms (View: 2, DB: 0) | 200 OK [http://localhost/blacks/1]


Processing BlacksController#edit (for 127.0.0.1 at 2010-02-28 13:28:33) [GET]
  Parameters: {"action"=>"edit", "id"=>"1", "controller"=>"blacks"}
  [4;35;1mBlack Load (0.2ms)[0m   [0mSELECT * FROM "blacks" WHERE ("blacks"."id" = 1) [0m
Rendering template within layouts/blacks
Rendering blacks/edit
  [4;36;1mTag Load (0.3ms)[0m   [0;1mSELECT "tags".* FROM "tags" INNER JOIN "taggings" ON "tags".id = "taggings".tag_id WHERE (("taggings".taggable_id = 1) AND ("taggings".taggable_type = 'Black')) [0m
Completed in 11ms (View: 6, DB: 0) | 200 OK [http://localhost/blacks/1/edit]


Processing BlacksController#index (for 127.0.0.1 at 2010-02-28 13:28:35) [GET]
  Parameters: {"action"=>"index", "controller"=>"blacks"}
  [4;35;1mBlack Load (0.5ms)[0m   [0mSELECT * FROM "blacks" [0m
Rendering template within layouts/blacks
Rendering blacks/index
Completed in 11ms (View: 5, DB: 0) | 200 OK [http://localhost/blacks]


Processing BlacksController#new (for 127.0.0.1 at 2010-02-28 13:28:36) [GET]
  Parameters: {"action"=>"new", "controller"=>"blacks"}
Rendering template within layouts/blacks
Rendering blacks/new
Completed in 79ms (View: 5, DB: 0) | 200 OK [http://localhost/blacks/new]
